<?xml version="1.0" encoding="UTF-8"?>
<!-- Generated by org.testng.reporters.JUnitReportReporter -->
<testsuite hostname="DESKTOP-4ERO01U" failures="0" tests="1" name="com.mohs10.scripts.HomeTest" time="10.568" errors="0" timestamp="2022-08-11T20:13:42 IST" skipped="0">
  <testcase classname="com.mohs10.scripts.HomeTest" name="LoginPageTestCase" time="10.568"/>
  <system-out/>
</testsuite> <!-- com.mohs10.scripts.HomeTest -->
