<?xml version="1.0" encoding="UTF-8"?>
<!-- Generated by org.testng.reporters.JUnitReportReporter -->
<testsuite hostname="DESKTOP-ENC5FO9" failures="0" tests="6" name="com.mohs10.scripts.HomeTest" time="56.330" errors="0" timestamp="2022-05-04T15:32:54 IST" skipped="0">
  <testcase classname="com.mohs10.scripts.HomeTest" name="LoginPageTestCase" time="8.103"/>
  <system-out/>
  <testcase classname="com.mohs10.scripts.HomeTest" name="BlogbtnTestCase" time="12.227"/>
  <system-out/>
  <testcase classname="com.mohs10.scripts.HomeTest" name="NewsbtnTestCase" time="8.841"/>
  <system-out/>
  <testcase classname="com.mohs10.scripts.HomeTest" name="RegisterPageTestCase" time="9.186"/>
  <system-out/>
  <testcase classname="com.mohs10.scripts.HomeTest" name="CategoriesTest" time="10.928"/>
  <system-out/>
  <testcase classname="com.mohs10.scripts.HomeTest" name="InvalidLogInTestCase" time="7.045"/>
  <system-out/>
</testsuite> <!-- com.mohs10.scripts.HomeTest -->
