<?xml version="1.0" encoding="UTF-8"?>
<!-- Generated by org.testng.reporters.JUnitReportReporter -->
<testsuite hostname="DESKTOP-4ERO01U" failures="0" tests="1" name="com.mohs10.scripts.Html_Pdf" time="9.860" errors="0" timestamp="2022-08-11T18:51:58 IST" skipped="0">
  <testcase classname="com.mohs10.scripts.Html_Pdf" name="pdftest" time="9.860"/>
  <system-out/>
</testsuite> <!-- com.mohs10.scripts.Html_Pdf -->
