<?xml version="1.0" encoding="UTF-8"?>
<!-- Generated by org.testng.reporters.JUnitReportReporter -->
<testsuite hostname="DESKTOP-4ERO01U" failures="0" tests="1" name="com.mohs10.scripts.Autoit_test" time="41.596" errors="0" timestamp="2022-08-11T18:51:58 IST" skipped="0">
  <testcase classname="com.mohs10.scripts.Autoit_test" name="uploadwordfile" time="41.596"/>
  <system-out/>
</testsuite> <!-- com.mohs10.scripts.Autoit_test -->
